Arguments: 
  C:\Program Files\nodejs\node.exe C:\Program Files (x86)\Yarn\bin\yarn.js init --y

PATH: 
  C:\Program Files\Git\mingw64\bin;C:\Program Files\Git\usr\bin;C:\Users\plim1\bin;C:\Windows\system32;C:\Windows;C:\Windows\System32\Wbem;C:\Windows\System32\WindowsPowerShell\v1.0;C:\Windows\System32\OpenSSH;C:\Program Files (x86)\NVIDIA Corporation\PhysX\Common;C:\Program Files\NVIDIA Corporation\NVIDIA NvDLISR;C:\Program Files\Java\jdk-12.0.;.;C:\Program Files\Git\cmd;C:\Users\plim1\AppData\Local\Programs\Python\Python37-32;C:\Users\plim1\AppData\Local\Programs\Python\Python37-32\Scripts;C:\SQLite;C:\MinGW\bin;C:\Program Files\nodejs;C:\Program Files\gs\gs9.52\bin;C:\Program Files (x86)\Yarn\bin;C:\Program Files\PostgreSQL\13\bin;C:\Program Files\Redis;C:\Users\plim1\AppData\Local\Microsoft\WindowsApps;C:\Users\plim1\AppData\Local\Programs\Microsoft VS Code\bin;C:\Users\plim1\AppData\Roaming\npm;C:\Program Files\heroku\bin;C:\Users\plim1\AppData\Local\Yarn\bin

Yarn version: 
  1.22.5

Node version: 
  12.16.1

Platform: 
  win32 x64

Trace: 
  Error: canceled
      at Interface.<anonymous> (C:\Program Files (x86)\Yarn\lib\cli.js:137009:13)
      at Interface.emit (events.js:311:20)
      at Interface._ttyWrite (readline.js:893:16)
      at ReadStream.onkeypress (readline.js:198:10)
      at ReadStream.emit (events.js:311:20)
      at emitKeys (internal/readline/utils.js:438:14)
      at emitKeys.next (<anonymous>)
      at ReadStream.onData (readline.js:1160:36)
      at ReadStream.emit (events.js:311:20)
      at addChunk (_stream_readable.js:294:12)

npm manifest: 
  No manifest

yarn manifest: 
  No manifest

Lockfile: 
  No lockfile
